<?xml version="1.0" encoding="UTF-8"?>
<!-- Generated by org.testng.reporters.JUnitReportReporter -->
<testsuite skipped="0" hostname="DESKTOP-5CB5NKI" name="RegistrationForm.MavenEcomrs.checkBox" tests="1" failures="0" timestamp="26 May 2018 09:02:07 GMT" time="0.117" errors="0">
  <testcase name="test" time="0.117" classname="RegistrationForm.MavenEcomrs.checkBox"/>
</testsuite> <!-- RegistrationForm.MavenEcomrs.checkBox -->
