<?xml version="1.0" encoding="UTF-8"?>
<!-- Generated by org.testng.reporters.JUnitReportReporter -->
<testsuite skipped="0" hostname="DESKTOP-5CB5NKI" name="RegistrationForm.MavenEcomrs.dropDown" tests="2" failures="0" timestamp="26 May 2018 08:45:18 GMT" time="21.870" errors="0">
  <testcase name="test" time="21.863" classname="RegistrationForm.MavenEcomrs.dropDown"/>
  <testcase name="f" time="0.007" classname="RegistrationForm.MavenEcomrs.dropDown"/>
</testsuite> <!-- RegistrationForm.MavenEcomrs.dropDown -->
