<?xml version="1.0" encoding="UTF-8"?>
<!-- Generated by org.testng.reporters.JUnitReportReporter -->
<testsuite skipped="0" hostname="DESKTOP-5CB5NKI" name="RegistrationForm.MavenEcomrs.radioButton" tests="1" failures="0" timestamp="26 May 2018 09:03:20 GMT" time="0.139" errors="0">
  <testcase name="test" time="0.139" classname="RegistrationForm.MavenEcomrs.radioButton"/>
</testsuite> <!-- RegistrationForm.MavenEcomrs.radioButton -->
